This file contains any messages produced by compilers while
running configure, to aid debugging if configure makes a mistake.

It was created by the fast lexical analyser generator configure 2.5.39, which was
generated by GNU Autoconf 2.69.  Invocation command line was

  $ ./configure --prefix=/projects/deva3654/SPRING-JANUS-2015/Openfoam-Xeon-host/flex-mic --build=x86_64-unknown-linux-gnu --host=x86_64-k1om-linux

## --------- ##
## Platform. ##
## --------- ##

hostname = ipccnode0103
uname -m = x86_64
uname -r = 2.6.32-431.el6.x86_64
uname -s = Linux
uname -v = #1 SMP Sun Nov 10 22:19:54 EST 2013

/usr/bin/uname -p = unknown
/bin/uname -X     = unknown

/bin/arch              = x86_64
/usr/bin/arch -k       = unknown
/usr/convex/getsysinfo = unknown
/usr/bin/hostinfo      = unknown
/bin/machine           = unknown
/usr/bin/oslevel       = unknown
/bin/universe          = unknown

PATH: /curc/tools/x_86_64/rh6/intel/13.0.0/impi/intel64/bin
PATH: /curc/tools/x_86_64/rh6/intel/13.0.0/composer_xe_2013.0.079/bin/intel64
PATH: /curc/tools/x_86_64/rh6/jdk/1.7.0_17/bin
PATH: /curc/tools/x_86_64/rh6/jdk/1.7.0_17
PATH: /curc/tools/x_86_64/rh6/zlib/1.2.8/intel/13.0.0
PATH: /projects/deva3654/SPRING-JANUS-2015/Openfoam-Xeon-host/ThirdParty-2.3.1/platforms/linux64Icc/gperftools-svn/bin
PATH: /projects/deva3654/SPRING-JANUS-2015/Openfoam-Xeon-host/ThirdParty-2.3.1/platforms/linux64Icc/ParaView-4.1.0/bin
PATH: /curc/tools/x_86_64/rh6/intel/15.0.1/impi/5.0.2.044/mic/bin64
PATH: /home/deva3654/OpenFOAM/deva3654-2.3.1/platforms/linux64IccDPOpt/bin
PATH: /projects/deva3654/SPRING-JANUS-2015/Openfoam-Xeon-host/site/2.3.1/platforms/linux64IccDPOpt/bin
PATH: /projects/deva3654/SPRING-JANUS-2015/Openfoam-Xeon-host/OpenFOAM-2.3.1/platforms/linux64IccDPOpt/bin
PATH: /projects/deva3654/SPRING-JANUS-2015/Openfoam-Xeon-host/OpenFOAM-2.3.1/bin
PATH: /projects/deva3654/SPRING-JANUS-2015/Openfoam-Xeon-host/OpenFOAM-2.3.1/wmake
PATH: /curc/tools/x_86_64/rh6/perfsuite/1.1.4/openmpi/1.8.2/intel/13.0.0//bin
PATH: /curc/tools/x_86_64/rh6/perfsuite/1.1.4/openmpi/1.8.2/intel/13.0.0/
PATH: /curc/tools/x_86_64/rh6/openmpi/1.8.2/intel/13.0.0/bin
PATH: /curc/tools/x_86_64/rh6/openmpi/1.8.2/intel/13.0.0
PATH: /curc/tools/x_86_64/rh6/papi/5.1.0/bin
PATH: /curc/tools/x_86_64/rh6/gcc/4.9.2/bin
PATH: /usr/lib64/qt-3.3/bin
PATH: /usr/local/bin
PATH: /bin
PATH: /usr/bin
PATH: /usr/local/sbin
PATH: /usr/sbin
PATH: /sbin


## ----------- ##
## Core tests. ##
## ----------- ##

configure:2484: checking for a BSD-compatible install
configure:2552: result: /usr/bin/install -c
configure:2563: checking whether build environment is sane
configure:2613: result: yes
configure:2662: checking for x86_64-k1om-linux-strip
configure:2692: result: no
configure:2702: checking for strip
configure:2718: found /usr/bin/strip
configure:2729: result: strip
configure:2741: WARNING: using cross tools not prefixed with host triplet
configure:2754: checking for a thread-safe mkdir -p
configure:2793: result: /bin/mkdir -p
configure:2806: checking for gawk
configure:2822: found /bin/gawk
configure:2833: result: gawk
configure:2844: checking whether make sets $(MAKE)
configure:2866: result: yes
configure:2953: checking whether NLS is requested
configure:2962: result: yes
configure:3003: checking for msgfmt
configure: trying /usr/bin/msgfmt...
0 translated messages.
configure:3035: result: /usr/bin/msgfmt
configure:3044: checking for gmsgfmt
configure:3075: result: /usr/bin/msgfmt
configure:3126: checking for xgettext
configure: trying /usr/bin/xgettext...
/usr/bin/xgettext: warning: file `/dev/null' extension `' is unknown; will try C
configure:3158: result: /usr/bin/xgettext
configure:3204: checking for msgmerge
configure: trying /usr/bin/msgmerge...
configure:3235: result: /usr/bin/msgmerge
configure:3280: checking for style of include used by make
configure:3308: result: GNU
configure:3339: checking for x86_64-k1om-linux-gcc
configure:3366: result: icc
configure:3635: checking for C compiler version
configure:3644: icc --version >&5
icc (ICC) 13.0.0 20120731
Copyright (C) 1985-2012 Intel Corporation.  All rights reserved.

configure:3655: $? = 0
configure:3644: icc -v >&5
icc version 13.0.0 (gcc version 4.7.0 compatibility)
configure:3655: $? = 0
configure:3644: icc -V >&5
Intel(R) C Intel(R) 64 Compiler XE for applications running on Intel(R) 64, Version 13.0.0.079 Build 20120731
Copyright (C) 1985-2012 Intel Corporation.  All rights reserved.

configure:3655: $? = 0
configure:3644: icc -qversion >&5
icc: command line warning #10006: ignoring unknown option '-qversion'
icc: command line error: no files specified; for help type "icc -help"
configure:3655: $? = 1
configure:3675: checking whether the C compiler works
configure:3697: icc -mmic  -mmic conftest.c  >&5
configure:3701: $? = 0
configure:3749: result: yes
configure:3752: checking for C compiler default output file name
configure:3754: result: a.out
configure:3760: checking for suffix of executables
configure:3767: icc -o conftest -mmic  -mmic conftest.c  >&5
configure:3771: $? = 0
configure:3793: result: 
configure:3815: checking whether we are cross compiling
configure:3853: result: yes
configure:3858: checking for suffix of object files
configure:3880: icc -c -mmic  conftest.c >&5
configure:3884: $? = 0
configure:3905: result: o
configure:3909: checking whether we are using the GNU C compiler
configure:3928: icc -c -mmic  conftest.c >&5
configure:3928: $? = 0
configure:3937: result: yes
configure:3946: checking whether icc accepts -g
configure:3966: icc -c -g  conftest.c >&5
configure:3966: $? = 0
configure:4007: result: yes
configure:4024: checking for icc option to accept ISO C89
configure:4087: icc  -c -mmic  conftest.c >&5
configure:4087: $? = 0
configure:4100: result: none needed
configure:4122: checking dependency style of icc
configure:4233: result: gcc3
configure:4252: checking build system type
configure:4266: result: x86_64-unknown-linux-gnu
configure:4286: checking host system type
configure:4299: result: x86_64-k1om-linux-gnu
configure:4343: checking for ld used by GCC
configure:4407: result: /usr/bin/ld
configure:4414: checking if the linker (/usr/bin/ld) is GNU ld
configure:4427: result: yes
configure:4434: checking for shared library run path origin
configure:4447: result: done
configure:4472: checking how to run the C preprocessor
configure:4503: icc -E  conftest.c
configure:4503: $? = 0
configure:4517: icc -E  conftest.c
conftest.c(11): error #2379: cannot open source file "ac_nonexistent.h"
  #include <ac_nonexistent.h>
                             ^

configure:4517: $? = 2
configure: failed program was:
| /* confdefs.h */
| #define PACKAGE_NAME "the fast lexical analyser generator"
| #define PACKAGE_TARNAME "flex"
| #define PACKAGE_VERSION "2.5.39"
| #define PACKAGE_STRING "the fast lexical analyser generator 2.5.39"
| #define PACKAGE_BUGREPORT "flex-help@lists.sourceforge.net"
| #define PACKAGE_URL ""
| #define PACKAGE "flex"
| #define VERSION "2.5.39"
| /* end confdefs.h.  */
| #include <ac_nonexistent.h>
configure:4542: result: icc -E
configure:4562: icc -E  conftest.c
configure:4562: $? = 0
configure:4576: icc -E  conftest.c
conftest.c(11): error #2379: cannot open source file "ac_nonexistent.h"
  #include <ac_nonexistent.h>
                             ^

configure:4576: $? = 2
configure: failed program was:
| /* confdefs.h */
| #define PACKAGE_NAME "the fast lexical analyser generator"
| #define PACKAGE_TARNAME "flex"
| #define PACKAGE_VERSION "2.5.39"
| #define PACKAGE_STRING "the fast lexical analyser generator 2.5.39"
| #define PACKAGE_BUGREPORT "flex-help@lists.sourceforge.net"
| #define PACKAGE_URL ""
| #define PACKAGE "flex"
| #define VERSION "2.5.39"
| /* end confdefs.h.  */
| #include <ac_nonexistent.h>
configure:4605: checking for grep that handles long lines and -e
configure:4663: result: /bin/grep
configure:4668: checking for egrep
configure:4730: result: /bin/grep -E
configure:5288: checking for CFPreferencesCopyAppValue
configure:5306: icc -o conftest -mmic  -mmic conftest.c  -Wl,-framework -Wl,CoreFoundation >&5
conftest.c(11): catastrophic error: cannot open source file "CoreFoundation/CFPreferences.h"
  #include <CoreFoundation/CFPreferences.h>
                                           ^

compilation aborted for conftest.c (code 4)
configure:5306: $? = 4
configure: failed program was:
| /* confdefs.h */
| #define PACKAGE_NAME "the fast lexical analyser generator"
| #define PACKAGE_TARNAME "flex"
| #define PACKAGE_VERSION "2.5.39"
| #define PACKAGE_STRING "the fast lexical analyser generator 2.5.39"
| #define PACKAGE_BUGREPORT "flex-help@lists.sourceforge.net"
| #define PACKAGE_URL ""
| #define PACKAGE "flex"
| #define VERSION "2.5.39"
| /* end confdefs.h.  */
| #include <CoreFoundation/CFPreferences.h>
| int
| main ()
| {
| CFPreferencesCopyAppValue(NULL, NULL)
|   ;
|   return 0;
| }
configure:5315: result: no
configure:5322: checking for CFLocaleCopyCurrent
configure:5340: icc -o conftest -mmic  -mmic conftest.c  -Wl,-framework -Wl,CoreFoundation >&5
conftest.c(11): catastrophic error: cannot open source file "CoreFoundation/CFLocale.h"
  #include <CoreFoundation/CFLocale.h>
                                      ^

compilation aborted for conftest.c (code 4)
configure:5340: $? = 4
configure: failed program was:
| /* confdefs.h */
| #define PACKAGE_NAME "the fast lexical analyser generator"
| #define PACKAGE_TARNAME "flex"
| #define PACKAGE_VERSION "2.5.39"
| #define PACKAGE_STRING "the fast lexical analyser generator 2.5.39"
| #define PACKAGE_BUGREPORT "flex-help@lists.sourceforge.net"
| #define PACKAGE_URL ""
| #define PACKAGE "flex"
| #define VERSION "2.5.39"
| /* end confdefs.h.  */
| #include <CoreFoundation/CFLocale.h>
| int
| main ()
| {
| CFLocaleCopyCurrent();
|   ;
|   return 0;
| }
configure:5349: result: no
configure:5398: checking for GNU gettext in libc
configure:5418: icc -o conftest -mmic  -mmic conftest.c  >&5
configure:5418: $? = 0
configure:5427: result: yes
configure:6218: checking whether to use NLS
configure:6220: result: yes
configure:6223: checking where the gettext function comes from
configure:6234: result: libc
configure:6296: checking for bison
configure:6326: result: no
configure:6296: checking for byacc
configure:6326: result: no
configure:6339: checking for flex
configure:6369: result: no
configure:6339: checking for lex
configure:6369: result: no
configure:6505: checking for x86_64-k1om-linux-gcc
configure:6532: result: icc
configure:6801: checking for C compiler version
configure:6810: icc --version >&5
icc (ICC) 13.0.0 20120731
Copyright (C) 1985-2012 Intel Corporation.  All rights reserved.

configure:6821: $? = 0
configure:6810: icc -v >&5
icc version 13.0.0 (gcc version 4.7.0 compatibility)
configure:6821: $? = 0
configure:6810: icc -V >&5
Intel(R) C Intel(R) 64 Compiler XE for applications running on Intel(R) 64, Version 13.0.0.079 Build 20120731
Copyright (C) 1985-2012 Intel Corporation.  All rights reserved.

configure:6821: $? = 0
configure:6810: icc -qversion >&5
icc: command line warning #10006: ignoring unknown option '-qversion'
icc: command line error: no files specified; for help type "icc -help"
configure:6821: $? = 1
configure:6825: checking whether we are using the GNU C compiler
configure:6853: result: yes
configure:6862: checking whether icc accepts -g
configure:6923: result: yes
configure:6940: checking for icc option to accept ISO C89
configure:7016: result: none needed
configure:7038: checking dependency style of icc
configure:7149: result: gcc3
configure:7276: checking for C++ compiler version
configure:7285: icpc --version >&5
icpc (ICC) 13.0.0 20120731
Copyright (C) 1985-2012 Intel Corporation.  All rights reserved.

configure:7296: $? = 0
configure:7285: icpc -v >&5
icpc version 13.0.0 (gcc version 4.7.0 compatibility)
configure:7296: $? = 0
configure:7285: icpc -V >&5
Intel(R) C++ Intel(R) 64 Compiler XE for applications running on Intel(R) 64, Version 13.0.0.079 Build 20120731
Copyright (C) 1985-2012 Intel Corporation.  All rights reserved.

configure:7296: $? = 0
configure:7285: icpc -qversion >&5
icpc: command line warning #10006: ignoring unknown option '-qversion'
icpc: command line error: no files specified; for help type "icpc -help"
configure:7296: $? = 1
configure:7300: checking whether we are using the GNU C++ compiler
configure:7319: icpc -c -mmic  conftest.cpp >&5
configure:7319: $? = 0
configure:7328: result: yes
configure:7337: checking whether icpc accepts -g
configure:7357: icpc -c -g  conftest.cpp >&5
configure:7357: $? = 0
configure:7398: result: yes
configure:7423: checking dependency style of icpc
configure:7534: result: gcc3
configure:7550: checking whether icc and cc understand -c and -o together
configure:7581: icc -c conftest.c -o conftest2.o >&5
configure:7585: $? = 0
configure:7591: icc -c conftest.c -o conftest2.o >&5
configure:7595: $? = 0
configure:7606: cc -c conftest.c >&5
configure:7610: $? = 0
configure:7618: cc -c conftest.c -o conftest2.o >&5
configure:7622: $? = 0
configure:7628: cc -c conftest.c -o conftest2.o >&5
configure:7632: $? = 0
configure:7650: result: yes
configure:7675: checking whether ln -s works
configure:7679: result: yes
configure:7732: checking how to print strings
configure:7759: result: printf
configure:7780: checking for a sed that does not truncate output
configure:7844: result: /bin/sed
configure:7862: checking for fgrep
configure:7924: result: /bin/grep -F
configure:7959: checking for ld used by icc
configure:8026: result: /usr/bin/ld
configure:8033: checking if the linker (/usr/bin/ld) is GNU ld
configure:8048: result: yes
configure:8060: checking for BSD- or MS-compatible name lister (nm)
configure:8109: result: no
configure:8123: checking for x86_64-k1om-linux-dumpbin
configure:8153: result: no
configure:8123: checking for x86_64-k1om-linux-link
configure:8153: result: no
configure:8167: checking for dumpbin
configure:8197: result: no
configure:8167: checking for link
configure:8183: found /bin/link
configure:8194: result: link -dump
configure:8239: checking the name lister (nm) interface
configure:8246: icc -c -mmic  conftest.c >&5
configure:8249: nm "conftest.o"
configure:8252: output
0000000000000000 B some_variable
configure:8259: result: BSD nm
configure:8263: checking the maximum length of command line arguments
configure:8393: result: 1966080
configure:8410: checking whether the shell understands some XSI constructs
configure:8420: result: yes
configure:8424: checking whether the shell understands "+="
configure:8430: result: yes
configure:8465: checking how to convert x86_64-unknown-linux-gnu file names to x86_64-k1om-linux-gnu format
configure:8505: result: func_convert_file_noop
configure:8512: checking how to convert x86_64-unknown-linux-gnu file names to toolchain format
configure:8532: result: func_convert_file_noop
configure:8539: checking for /usr/bin/ld option to reload object files
configure:8546: result: -r
configure:8580: checking for x86_64-k1om-linux-objdump
configure:8610: result: no
configure:8620: checking for objdump
configure:8636: found /usr/bin/objdump
configure:8647: result: objdump
configure:8679: checking how to recognize dependent libraries
configure:8881: result: pass_all
configure:8926: checking for x86_64-k1om-linux-dlltool
configure:8956: result: no
configure:8966: checking for dlltool
configure:8996: result: no
configure:9026: checking how to associate runtime and link libraries
configure:9053: result: printf %s\n
configure:9069: checking for x86_64-k1om-linux-ar
configure:9099: result: no
configure:9113: checking for ar
configure:9129: found /usr/bin/ar
configure:9140: result: ar
configure:9177: checking for archiver @FILE support
configure:9194: icc -c -mmic  conftest.c >&5
configure:9194: $? = 0
configure:9197: ar cru libconftest.a @conftest.lst >&5
configure:9200: $? = 0
configure:9205: ar cru libconftest.a @conftest.lst >&5
ar: conftest.o: No such file or directory
configure:9208: $? = 1
configure:9220: result: @
configure:9238: checking for x86_64-k1om-linux-strip
configure:9265: result: strip
configure:9337: checking for x86_64-k1om-linux-ranlib
configure:9367: result: no
configure:9377: checking for ranlib
configure:9393: found /usr/bin/ranlib
configure:9404: result: ranlib
configure:9506: checking command to parse nm output from icc object
configure:9626: icc -c -mmic  conftest.c >&5
configure:9629: $? = 0
configure:9633: nm conftest.o \| sed -n -e 's/^.*[ ]\([ABCDGIRSTW][ABCDGIRSTW]*\)[ ][ ]*\([_A-Za-z][_A-Za-z0-9]*\)$/\1 \2 \2/p' | sed '/ __gnu_lto/d' \> conftest.nm
configure:9636: $? = 0
configure:9702: icc -o conftest -mmic  -mmic conftest.c conftstm.o >&5
ipo: warning #11010: file format not recognized for /lib64/libc.so.6
ipo: warning #11010: file format not recognized for /lib64/libc.so.6
configure:9705: $? = 0
configure:9743: result: ok
configure:9780: checking for sysroot
configure:9810: result: no
configure:9887: icc -c -mmic  conftest.c >&5
configure:9890: $? = 0
configure:10026: checking for x86_64-k1om-linux-mt
configure:10056: result: no
configure:10066: checking for mt
configure:10096: result: no
configure:10116: checking if : is a manifest tool
configure:10122: : '-?'
configure:10130: result: no
configure:10767: checking for ANSI C header files
configure:10787: icc -c -mmic  conftest.c >&5
configure:10787: $? = 0
configure:10871: result: yes
configure:10884: checking for sys/types.h
configure:10884: icc -c -mmic  conftest.c >&5
configure:10884: $? = 0
configure:10884: result: yes
configure:10884: checking for sys/stat.h
configure:10884: icc -c -mmic  conftest.c >&5
configure:10884: $? = 0
configure:10884: result: yes
configure:10884: checking for stdlib.h
configure:10884: icc -c -mmic  conftest.c >&5
configure:10884: $? = 0
configure:10884: result: yes
configure:10884: checking for string.h
configure:10884: icc -c -mmic  conftest.c >&5
configure:10884: $? = 0
configure:10884: result: yes
configure:10884: checking for memory.h
configure:10884: icc -c -mmic  conftest.c >&5
configure:10884: $? = 0
configure:10884: result: yes
configure:10884: checking for strings.h
configure:10884: icc -c -mmic  conftest.c >&5
configure:10884: $? = 0
configure:10884: result: yes
configure:10884: checking for inttypes.h
configure:10884: icc -c -mmic  conftest.c >&5
configure:10884: $? = 0
configure:10884: result: yes
configure:10884: checking for stdint.h
configure:10884: icc -c -mmic  conftest.c >&5
configure:10884: $? = 0
configure:10884: result: yes
configure:10884: checking for unistd.h
configure:10884: icc -c -mmic  conftest.c >&5
configure:10884: $? = 0
configure:10884: result: yes
configure:10898: checking for dlfcn.h
configure:10898: icc -c -mmic  conftest.c >&5
configure:10898: $? = 0
configure:10898: result: yes
configure:11115: checking for objdir
configure:11130: result: .libs
configure:11401: checking if icc supports -fno-rtti -fno-exceptions
configure:11419: icc -c -mmic  -fno-rtti -fno-exceptions conftest.c >&5
configure:11423: $? = 0
configure:11436: result: yes
configure:11763: checking for icc option to produce PIC
configure:11770: result: -fPIC -DPIC
configure:11778: checking if icc PIC flag -fPIC -DPIC works
configure:11796: icc -c -mmic  -fPIC -DPIC -DPIC conftest.c >&5
configure:11800: $? = 0
configure:11813: result: yes
configure:11842: checking if icc static flag -static works
configure:11870: result: yes
configure:11885: checking if icc supports -c -o file.o
configure:11906: icc -c -mmic  -o out/conftest2.o conftest.c >&5
configure:11910: $? = 0
configure:11932: result: yes
configure:11940: checking if icc supports -c -o file.o
configure:11987: result: yes
configure:12020: checking whether the icc linker (/usr/bin/ld -m elf_x86_64) supports shared libraries
configure:13177: result: yes
configure:13214: checking whether -lc should be explicitly linked in
configure:13222: icc -c -mmic  conftest.c >&5
configure:13225: $? = 0
configure:13240: icc -shared  -fPIC -DPIC conftest.o  -v -Wl,-soname -Wl,conftest -o conftest 2\>\&1 \| /bin/grep  -lc  \>/dev/null 2\>\&1
configure:13243: $? = 0
configure:13257: result: no
configure:13417: checking dynamic linker characteristics
configure:13928: icc -o conftest -mmic  -mmic -Wl,-rpath -Wl,/foo conftest.c  >&5
configure:13928: $? = 0
configure:14162: result: GNU/Linux ld.so
configure:14269: checking how to hardcode library paths into programs
configure:14294: result: immediate
configure:14834: checking whether stripping libraries is possible
configure:14839: result: yes
configure:14874: checking if libtool supports shared libraries
configure:14876: result: yes
configure:14879: checking whether to build shared libraries
configure:14900: result: yes
configure:14903: checking whether to build static libraries
configure:14907: result: yes
configure:14930: checking how to run the C++ preprocessor
configure:14957: icpc -E  conftest.cpp
configure:14957: $? = 0
configure:14971: icpc -E  conftest.cpp
conftest.cpp(26): error #2379: cannot open source file "ac_nonexistent.h"
  #include <ac_nonexistent.h>
                             ^

configure:14971: $? = 2
configure: failed program was:
| /* confdefs.h */
| #define PACKAGE_NAME "the fast lexical analyser generator"
| #define PACKAGE_TARNAME "flex"
| #define PACKAGE_VERSION "2.5.39"
| #define PACKAGE_STRING "the fast lexical analyser generator 2.5.39"
| #define PACKAGE_BUGREPORT "flex-help@lists.sourceforge.net"
| #define PACKAGE_URL ""
| #define PACKAGE "flex"
| #define VERSION "2.5.39"
| #define ENABLE_NLS 1
| #define HAVE_GETTEXT 1
| #define HAVE_DCGETTEXT 1
| #define STDC_HEADERS 1
| #define HAVE_SYS_TYPES_H 1
| #define HAVE_SYS_STAT_H 1
| #define HAVE_STDLIB_H 1
| #define HAVE_STRING_H 1
| #define HAVE_MEMORY_H 1
| #define HAVE_STRINGS_H 1
| #define HAVE_INTTYPES_H 1
| #define HAVE_STDINT_H 1
| #define HAVE_UNISTD_H 1
| #define HAVE_DLFCN_H 1
| #define LT_OBJDIR ".libs/"
| /* end confdefs.h.  */
| #include <ac_nonexistent.h>
configure:14996: result: icpc -E
configure:15016: icpc -E  conftest.cpp
configure:15016: $? = 0
configure:15030: icpc -E  conftest.cpp
conftest.cpp(26): error #2379: cannot open source file "ac_nonexistent.h"
  #include <ac_nonexistent.h>
                             ^

configure:15030: $? = 2
configure: failed program was:
| /* confdefs.h */
| #define PACKAGE_NAME "the fast lexical analyser generator"
| #define PACKAGE_TARNAME "flex"
| #define PACKAGE_VERSION "2.5.39"
| #define PACKAGE_STRING "the fast lexical analyser generator 2.5.39"
| #define PACKAGE_BUGREPORT "flex-help@lists.sourceforge.net"
| #define PACKAGE_URL ""
| #define PACKAGE "flex"
| #define VERSION "2.5.39"
| #define ENABLE_NLS 1
| #define HAVE_GETTEXT 1
| #define HAVE_DCGETTEXT 1
| #define STDC_HEADERS 1
| #define HAVE_SYS_TYPES_H 1
| #define HAVE_SYS_STAT_H 1
| #define HAVE_STDLIB_H 1
| #define HAVE_STRING_H 1
| #define HAVE_MEMORY_H 1
| #define HAVE_STRINGS_H 1
| #define HAVE_INTTYPES_H 1
| #define HAVE_STDINT_H 1
| #define HAVE_UNISTD_H 1
| #define HAVE_DLFCN_H 1
| #define LT_OBJDIR ".libs/"
| /* end confdefs.h.  */
| #include <ac_nonexistent.h>
configure:15199: checking for ld used by icpc
configure:15266: result: /usr/bin/ld -m elf_x86_64
configure:15273: checking if the linker (/usr/bin/ld -m elf_x86_64) is GNU ld
configure:15288: result: yes
configure:15343: checking whether the icpc linker (/usr/bin/ld -m elf_x86_64) supports shared libraries
configure:16348: result: yes
configure:16384: icpc -c -mmic  conftest.cpp >&5
configure:16387: $? = 0
configure:16907: checking for icpc option to produce PIC
configure:16914: result: -fPIC -DPIC
configure:16922: checking if icpc PIC flag -fPIC -DPIC works
configure:16940: icpc -c -mmic  -fPIC -DPIC -DPIC conftest.cpp >&5
configure:16944: $? = 0
configure:16957: result: yes
configure:16980: checking if icpc static flag -static works
configure:17008: result: yes
configure:17020: checking if icpc supports -c -o file.o
configure:17041: icpc -c -mmic  -o out/conftest2.o conftest.cpp >&5
configure:17045: $? = 0
configure:17067: result: yes
configure:17072: checking if icpc supports -c -o file.o
configure:17119: result: yes
configure:17149: checking whether the icpc linker (/usr/bin/ld -m elf_x86_64) supports shared libraries
configure:17188: result: yes
configure:17329: checking dynamic linker characteristics
configure:18008: result: GNU/Linux ld.so
configure:18061: checking how to hardcode library paths into programs
configure:18086: result: immediate
configure:18151: checking for gawk
configure:18178: result: gawk
configure:18193: checking for bison
configure:18224: result: bison
configure:18234: checking for help2man
configure:18265: result: help2man
configure:18276: checking for m4 that supports -P
configure:18309: result: /usr/bin/m4
configure:18321: checking for indent
configure:18352: result: indent
configure:18374: WARNING: no indent program found: make indent target will not function
configure:18380: checking for ANSI C header files
configure:18484: result: yes
configure:18492: checking for sys/wait.h that is POSIX.1 compatible
configure:18518: icc -c -mmic  conftest.c >&5
configure:18518: $? = 0
configure:18525: result: yes
configure:18536: checking for inttypes.h
configure:18536: result: yes
configure:18536: checking libintl.h usability
configure:18536: icc -c -mmic  conftest.c >&5
configure:18536: $? = 0
configure:18536: result: yes
configure:18536: checking libintl.h presence
configure:18536: icc -E  conftest.c
configure:18536: $? = 0
configure:18536: result: yes
configure:18536: checking for libintl.h
configure:18536: result: yes
configure:18536: checking limits.h usability
configure:18536: icc -c -mmic  conftest.c >&5
configure:18536: $? = 0
configure:18536: result: yes
configure:18536: checking limits.h presence
configure:18536: icc -E  conftest.c
configure:18536: $? = 0
configure:18536: result: yes
configure:18536: checking for limits.h
configure:18536: result: yes
configure:18536: checking locale.h usability
configure:18536: icc -c -mmic  conftest.c >&5
configure:18536: $? = 0
configure:18536: result: yes
configure:18536: checking locale.h presence
configure:18536: icc -E  conftest.c
configure:18536: $? = 0
configure:18536: result: yes
configure:18536: checking for locale.h
configure:18536: result: yes
configure:18536: checking malloc.h usability
configure:18536: icc -c -mmic  conftest.c >&5
configure:18536: $? = 0
configure:18536: result: yes
configure:18536: checking malloc.h presence
configure:18536: icc -E  conftest.c
configure:18536: $? = 0
configure:18536: result: yes
configure:18536: checking for malloc.h
configure:18536: result: yes
configure:18536: checking netinet/in.h usability
configure:18536: icc -c -mmic  conftest.c >&5
configure:18536: $? = 0
configure:18536: result: yes
configure:18536: checking netinet/in.h presence
configure:18536: icc -E  conftest.c
configure:18536: $? = 0
configure:18536: result: yes
configure:18536: checking for netinet/in.h
configure:18536: result: yes
configure:18536: checking regex.h usability
configure:18536: icc -c -mmic  conftest.c >&5
configure:18536: $? = 0
configure:18536: result: yes
configure:18536: checking regex.h presence
configure:18536: icc -E  conftest.c
configure:18536: $? = 0
configure:18536: result: yes
configure:18536: checking for regex.h
configure:18536: result: yes
configure:18536: checking stddef.h usability
configure:18536: icc -c -mmic  conftest.c >&5
configure:18536: $? = 0
configure:18536: result: yes
configure:18536: checking stddef.h presence
configure:18536: icc -E  conftest.c
configure:18536: $? = 0
configure:18536: result: yes
configure:18536: checking for stddef.h
configure:18536: result: yes
configure:18536: checking for stdlib.h
configure:18536: result: yes
configure:18536: checking for string.h
configure:18536: result: yes
configure:18536: checking for strings.h
configure:18536: result: yes
configure:18536: checking for unistd.h
configure:18536: result: yes
configure:18553: checking for pthread_mutex_lock in -lpthread
configure:18578: icc -o conftest -mmic  -mmic conftest.c -lpthread   >&5
configure:18578: $? = 0
configure:18587: result: yes
configure:18602: checking pthread.h usability
configure:18602: icc -c -mmic  conftest.c >&5
configure:18602: $? = 0
configure:18602: result: yes
configure:18602: checking pthread.h presence
configure:18602: icc -E  conftest.c
configure:18602: $? = 0
configure:18602: result: yes
configure:18602: checking for pthread.h
configure:18602: result: yes
configure:18613: checking for log10 in -lm
configure:18638: icc -o conftest -mmic  -mmic conftest.c -lm   >&5
configure:18638: $? = 0
configure:18647: result: yes
configure:18661: checking for stdbool.h that conforms to C99
configure:18728: icc -c -mmic  conftest.c >&5
configure:18728: $? = 0
configure:18735: result: yes
configure:18737: checking for _Bool
configure:18737: icc -c -mmic  conftest.c >&5
configure:18737: $? = 0
configure:18737: icc -c -mmic  conftest.c >&5
conftest.c(80): error: expected an expression
  if (sizeof ((_Bool)))
                     ^

compilation aborted for conftest.c (code 2)
configure:18737: $? = 2
configure: failed program was:
| /* confdefs.h */
| #define PACKAGE_NAME "the fast lexical analyser generator"
| #define PACKAGE_TARNAME "flex"
| #define PACKAGE_VERSION "2.5.39"
| #define PACKAGE_STRING "the fast lexical analyser generator 2.5.39"
| #define PACKAGE_BUGREPORT "flex-help@lists.sourceforge.net"
| #define PACKAGE_URL ""
| #define PACKAGE "flex"
| #define VERSION "2.5.39"
| #define ENABLE_NLS 1
| #define HAVE_GETTEXT 1
| #define HAVE_DCGETTEXT 1
| #define STDC_HEADERS 1
| #define HAVE_SYS_TYPES_H 1
| #define HAVE_SYS_STAT_H 1
| #define HAVE_STDLIB_H 1
| #define HAVE_STRING_H 1
| #define HAVE_MEMORY_H 1
| #define HAVE_STRINGS_H 1
| #define HAVE_INTTYPES_H 1
| #define HAVE_STDINT_H 1
| #define HAVE_UNISTD_H 1
| #define HAVE_DLFCN_H 1
| #define LT_OBJDIR ".libs/"
| #define M4 "/usr/bin/m4"
| #define STDC_HEADERS 1
| #define HAVE_SYS_WAIT_H 1
| #define HAVE_INTTYPES_H 1
| #define HAVE_LIBINTL_H 1
| #define HAVE_LIMITS_H 1
| #define HAVE_LOCALE_H 1
| #define HAVE_MALLOC_H 1
| #define HAVE_NETINET_IN_H 1
| #define HAVE_REGEX_H 1
| #define HAVE_STDDEF_H 1
| #define HAVE_STDLIB_H 1
| #define HAVE_STRING_H 1
| #define HAVE_STRINGS_H 1
| #define HAVE_UNISTD_H 1
| #define HAVE_LIBPTHREAD 1
| #define HAVE_PTHREAD_H 1
| #define HAVE_LIBM 1
| /* end confdefs.h.  */
| #include <stdio.h>
| #ifdef HAVE_SYS_TYPES_H
| # include <sys/types.h>
| #endif
| #ifdef HAVE_SYS_STAT_H
| # include <sys/stat.h>
| #endif
| #ifdef STDC_HEADERS
| # include <stdlib.h>
| # include <stddef.h>
| #else
| # ifdef HAVE_STDLIB_H
| #  include <stdlib.h>
| # endif
| #endif
| #ifdef HAVE_STRING_H
| # if !defined STDC_HEADERS && defined HAVE_MEMORY_H
| #  include <memory.h>
| # endif
| # include <string.h>
| #endif
| #ifdef HAVE_STRINGS_H
| # include <strings.h>
| #endif
| #ifdef HAVE_INTTYPES_H
| # include <inttypes.h>
| #endif
| #ifdef HAVE_STDINT_H
| # include <stdint.h>
| #endif
| #ifdef HAVE_UNISTD_H
| # include <unistd.h>
| #endif
| int
| main ()
| {
| if (sizeof ((_Bool)))
| 	    return 0;
|   ;
|   return 0;
| }
configure:18737: result: yes
configure:18754: checking for an ANSI C-conforming const
configure:18820: icc -c -mmic  conftest.c >&5
configure:18820: $? = 0
configure:18827: result: yes
configure:18835: checking for size_t
configure:18835: icc -c -mmic  conftest.c >&5
configure:18835: $? = 0
configure:18835: icc -c -mmic  conftest.c >&5
conftest.c(82): error: expected an expression
  if (sizeof ((size_t)))
                      ^

compilation aborted for conftest.c (code 2)
configure:18835: $? = 2
configure: failed program was:
| /* confdefs.h */
| #define PACKAGE_NAME "the fast lexical analyser generator"
| #define PACKAGE_TARNAME "flex"
| #define PACKAGE_VERSION "2.5.39"
| #define PACKAGE_STRING "the fast lexical analyser generator 2.5.39"
| #define PACKAGE_BUGREPORT "flex-help@lists.sourceforge.net"
| #define PACKAGE_URL ""
| #define PACKAGE "flex"
| #define VERSION "2.5.39"
| #define ENABLE_NLS 1
| #define HAVE_GETTEXT 1
| #define HAVE_DCGETTEXT 1
| #define STDC_HEADERS 1
| #define HAVE_SYS_TYPES_H 1
| #define HAVE_SYS_STAT_H 1
| #define HAVE_STDLIB_H 1
| #define HAVE_STRING_H 1
| #define HAVE_MEMORY_H 1
| #define HAVE_STRINGS_H 1
| #define HAVE_INTTYPES_H 1
| #define HAVE_STDINT_H 1
| #define HAVE_UNISTD_H 1
| #define HAVE_DLFCN_H 1
| #define LT_OBJDIR ".libs/"
| #define M4 "/usr/bin/m4"
| #define STDC_HEADERS 1
| #define HAVE_SYS_WAIT_H 1
| #define HAVE_INTTYPES_H 1
| #define HAVE_LIBINTL_H 1
| #define HAVE_LIMITS_H 1
| #define HAVE_LOCALE_H 1
| #define HAVE_MALLOC_H 1
| #define HAVE_NETINET_IN_H 1
| #define HAVE_REGEX_H 1
| #define HAVE_STDDEF_H 1
| #define HAVE_STDLIB_H 1
| #define HAVE_STRING_H 1
| #define HAVE_STRINGS_H 1
| #define HAVE_UNISTD_H 1
| #define HAVE_LIBPTHREAD 1
| #define HAVE_PTHREAD_H 1
| #define HAVE_LIBM 1
| #define HAVE__BOOL 1
| #define HAVE_STDBOOL_H 1
| /* end confdefs.h.  */
| #include <stdio.h>
| #ifdef HAVE_SYS_TYPES_H
| # include <sys/types.h>
| #endif
| #ifdef HAVE_SYS_STAT_H
| # include <sys/stat.h>
| #endif
| #ifdef STDC_HEADERS
| # include <stdlib.h>
| # include <stddef.h>
| #else
| # ifdef HAVE_STDLIB_H
| #  include <stdlib.h>
| # endif
| #endif
| #ifdef HAVE_STRING_H
| # if !defined STDC_HEADERS && defined HAVE_MEMORY_H
| #  include <memory.h>
| # endif
| # include <string.h>
| #endif
| #ifdef HAVE_STRINGS_H
| # include <strings.h>
| #endif
| #ifdef HAVE_INTTYPES_H
| # include <inttypes.h>
| #endif
| #ifdef HAVE_STDINT_H
| # include <stdint.h>
| #endif
| #ifdef HAVE_UNISTD_H
| # include <unistd.h>
| #endif
| int
| main ()
| {
| if (sizeof ((size_t)))
| 	    return 0;
|   ;
|   return 0;
| }
configure:18835: result: yes
configure:18851: checking for working alloca.h
configure:18868: icc -o conftest -mmic  -mmic conftest.c -lm  >&5
configure:18868: $? = 0
configure:18876: result: yes
configure:18884: checking for alloca
configure:18921: icc -o conftest -mmic  -mmic conftest.c -lm  >&5
configure:18921: $? = 0
configure:18929: result: yes
configure:19035: checking for pid_t
configure:19035: icc -c -mmic  conftest.c >&5
configure:19035: $? = 0
configure:19035: icc -c -mmic  conftest.c >&5
conftest.c(84): error: expected an expression
  if (sizeof ((pid_t)))
                     ^

compilation aborted for conftest.c (code 2)
configure:19035: $? = 2
configure: failed program was:
| /* confdefs.h */
| #define PACKAGE_NAME "the fast lexical analyser generator"
| #define PACKAGE_TARNAME "flex"
| #define PACKAGE_VERSION "2.5.39"
| #define PACKAGE_STRING "the fast lexical analyser generator 2.5.39"
| #define PACKAGE_BUGREPORT "flex-help@lists.sourceforge.net"
| #define PACKAGE_URL ""
| #define PACKAGE "flex"
| #define VERSION "2.5.39"
| #define ENABLE_NLS 1
| #define HAVE_GETTEXT 1
| #define HAVE_DCGETTEXT 1
| #define STDC_HEADERS 1
| #define HAVE_SYS_TYPES_H 1
| #define HAVE_SYS_STAT_H 1
| #define HAVE_STDLIB_H 1
| #define HAVE_STRING_H 1
| #define HAVE_MEMORY_H 1
| #define HAVE_STRINGS_H 1
| #define HAVE_INTTYPES_H 1
| #define HAVE_STDINT_H 1
| #define HAVE_UNISTD_H 1
| #define HAVE_DLFCN_H 1
| #define LT_OBJDIR ".libs/"
| #define M4 "/usr/bin/m4"
| #define STDC_HEADERS 1
| #define HAVE_SYS_WAIT_H 1
| #define HAVE_INTTYPES_H 1
| #define HAVE_LIBINTL_H 1
| #define HAVE_LIMITS_H 1
| #define HAVE_LOCALE_H 1
| #define HAVE_MALLOC_H 1
| #define HAVE_NETINET_IN_H 1
| #define HAVE_REGEX_H 1
| #define HAVE_STDDEF_H 1
| #define HAVE_STDLIB_H 1
| #define HAVE_STRING_H 1
| #define HAVE_STRINGS_H 1
| #define HAVE_UNISTD_H 1
| #define HAVE_LIBPTHREAD 1
| #define HAVE_PTHREAD_H 1
| #define HAVE_LIBM 1
| #define HAVE__BOOL 1
| #define HAVE_STDBOOL_H 1
| #define HAVE_ALLOCA_H 1
| #define HAVE_ALLOCA 1
| /* end confdefs.h.  */
| #include <stdio.h>
| #ifdef HAVE_SYS_TYPES_H
| # include <sys/types.h>
| #endif
| #ifdef HAVE_SYS_STAT_H
| # include <sys/stat.h>
| #endif
| #ifdef STDC_HEADERS
| # include <stdlib.h>
| # include <stddef.h>
| #else
| # ifdef HAVE_STDLIB_H
| #  include <stdlib.h>
| # endif
| #endif
| #ifdef HAVE_STRING_H
| # if !defined STDC_HEADERS && defined HAVE_MEMORY_H
| #  include <memory.h>
| # endif
| # include <string.h>
| #endif
| #ifdef HAVE_STRINGS_H
| # include <strings.h>
| #endif
| #ifdef HAVE_INTTYPES_H
| # include <inttypes.h>
| #endif
| #ifdef HAVE_STDINT_H
| # include <stdint.h>
| #endif
| #ifdef HAVE_UNISTD_H
| # include <unistd.h>
| #endif
| int
| main ()
| {
| if (sizeof ((pid_t)))
| 	    return 0;
|   ;
|   return 0;
| }
configure:19035: result: yes
configure:19048: checking vfork.h usability
configure:19048: icc -c -mmic  conftest.c >&5
conftest.c(81): catastrophic error: cannot open source file "vfork.h"
  #include <vfork.h>
                    ^

compilation aborted for conftest.c (code 4)
configure:19048: $? = 4
configure: failed program was:
| /* confdefs.h */
| #define PACKAGE_NAME "the fast lexical analyser generator"
| #define PACKAGE_TARNAME "flex"
| #define PACKAGE_VERSION "2.5.39"
| #define PACKAGE_STRING "the fast lexical analyser generator 2.5.39"
| #define PACKAGE_BUGREPORT "flex-help@lists.sourceforge.net"
| #define PACKAGE_URL ""
| #define PACKAGE "flex"
| #define VERSION "2.5.39"
| #define ENABLE_NLS 1
| #define HAVE_GETTEXT 1
| #define HAVE_DCGETTEXT 1
| #define STDC_HEADERS 1
| #define HAVE_SYS_TYPES_H 1
| #define HAVE_SYS_STAT_H 1
| #define HAVE_STDLIB_H 1
| #define HAVE_STRING_H 1
| #define HAVE_MEMORY_H 1
| #define HAVE_STRINGS_H 1
| #define HAVE_INTTYPES_H 1
| #define HAVE_STDINT_H 1
| #define HAVE_UNISTD_H 1
| #define HAVE_DLFCN_H 1
| #define LT_OBJDIR ".libs/"
| #define M4 "/usr/bin/m4"
| #define STDC_HEADERS 1
| #define HAVE_SYS_WAIT_H 1
| #define HAVE_INTTYPES_H 1
| #define HAVE_LIBINTL_H 1
| #define HAVE_LIMITS_H 1
| #define HAVE_LOCALE_H 1
| #define HAVE_MALLOC_H 1
| #define HAVE_NETINET_IN_H 1
| #define HAVE_REGEX_H 1
| #define HAVE_STDDEF_H 1
| #define HAVE_STDLIB_H 1
| #define HAVE_STRING_H 1
| #define HAVE_STRINGS_H 1
| #define HAVE_UNISTD_H 1
| #define HAVE_LIBPTHREAD 1
| #define HAVE_PTHREAD_H 1
| #define HAVE_LIBM 1
| #define HAVE__BOOL 1
| #define HAVE_STDBOOL_H 1
| #define HAVE_ALLOCA_H 1
| #define HAVE_ALLOCA 1
| /* end confdefs.h.  */
| #include <stdio.h>
| #ifdef HAVE_SYS_TYPES_H
| # include <sys/types.h>
| #endif
| #ifdef HAVE_SYS_STAT_H
| # include <sys/stat.h>
| #endif
| #ifdef STDC_HEADERS
| # include <stdlib.h>
| # include <stddef.h>
| #else
| # ifdef HAVE_STDLIB_H
| #  include <stdlib.h>
| # endif
| #endif
| #ifdef HAVE_STRING_H
| # if !defined STDC_HEADERS && defined HAVE_MEMORY_H
| #  include <memory.h>
| # endif
| # include <string.h>
| #endif
| #ifdef HAVE_STRINGS_H
| # include <strings.h>
| #endif
| #ifdef HAVE_INTTYPES_H
| # include <inttypes.h>
| #endif
| #ifdef HAVE_STDINT_H
| # include <stdint.h>
| #endif
| #ifdef HAVE_UNISTD_H
| # include <unistd.h>
| #endif
| #include <vfork.h>
configure:19048: result: no
configure:19048: checking vfork.h presence
configure:19048: icc -E  conftest.c
conftest.c(48): error #2379: cannot open source file "vfork.h"
  #include <vfork.h>
                    ^

configure:19048: $? = 2
configure: failed program was:
| /* confdefs.h */
| #define PACKAGE_NAME "the fast lexical analyser generator"
| #define PACKAGE_TARNAME "flex"
| #define PACKAGE_VERSION "2.5.39"
| #define PACKAGE_STRING "the fast lexical analyser generator 2.5.39"
| #define PACKAGE_BUGREPORT "flex-help@lists.sourceforge.net"
| #define PACKAGE_URL ""
| #define PACKAGE "flex"
| #define VERSION "2.5.39"
| #define ENABLE_NLS 1
| #define HAVE_GETTEXT 1
| #define HAVE_DCGETTEXT 1
| #define STDC_HEADERS 1
| #define HAVE_SYS_TYPES_H 1
| #define HAVE_SYS_STAT_H 1
| #define HAVE_STDLIB_H 1
| #define HAVE_STRING_H 1
| #define HAVE_MEMORY_H 1
| #define HAVE_STRINGS_H 1
| #define HAVE_INTTYPES_H 1
| #define HAVE_STDINT_H 1
| #define HAVE_UNISTD_H 1
| #define HAVE_DLFCN_H 1
| #define LT_OBJDIR ".libs/"
| #define M4 "/usr/bin/m4"
| #define STDC_HEADERS 1
| #define HAVE_SYS_WAIT_H 1
| #define HAVE_INTTYPES_H 1
| #define HAVE_LIBINTL_H 1
| #define HAVE_LIMITS_H 1
| #define HAVE_LOCALE_H 1
| #define HAVE_MALLOC_H 1
| #define HAVE_NETINET_IN_H 1
| #define HAVE_REGEX_H 1
| #define HAVE_STDDEF_H 1
| #define HAVE_STDLIB_H 1
| #define HAVE_STRING_H 1
| #define HAVE_STRINGS_H 1
| #define HAVE_UNISTD_H 1
| #define HAVE_LIBPTHREAD 1
| #define HAVE_PTHREAD_H 1
| #define HAVE_LIBM 1
| #define HAVE__BOOL 1
| #define HAVE_STDBOOL_H 1
| #define HAVE_ALLOCA_H 1
| #define HAVE_ALLOCA 1
| /* end confdefs.h.  */
| #include <vfork.h>
configure:19048: result: no
configure:19048: checking for vfork.h
configure:19048: result: no
configure:19061: checking for fork
configure:19061: icc -o conftest -mmic  -mmic conftest.c -lm  >&5
configure:19061: $? = 0
configure:19061: result: yes
configure:19061: checking for vfork
configure:19061: icc -o conftest -mmic  -mmic conftest.c -lm  >&5
configure:19061: $? = 0
configure:19061: result: yes
configure:19071: checking for working fork
configure:19103: result: cross
configure:19119: WARNING: result yes guessed because of cross compilation
configure:19124: checking for working vfork
configure:19234: result: yes
configure:19261: checking for stdlib.h
configure:19261: result: yes
configure:19271: checking for GNU libc compatible malloc
configure:19305: result: no
configure:19328: checking for stdlib.h
configure:19328: result: yes
configure:19338: checking for GNU libc compatible realloc
configure:19372: result: no
configure:19396: checking for dup2
configure:19396: icc -o conftest -mmic  -mmic conftest.c -lm  >&5
configure:19396: $? = 0
configure:19396: result: yes
configure:19396: checking for isascii
configure:19396: icc -o conftest -mmic  -mmic conftest.c -lm  >&5
configure:19396: $? = 0
configure:19396: result: yes
configure:19396: checking for memset
configure:19396: icc -o conftest -mmic  -mmic conftest.c -lm  >&5
configure:19396: $? = 0
configure:19396: result: yes
configure:19396: checking for pow
configure:19396: icc -o conftest -mmic  -mmic conftest.c -lm  >&5
configure:19396: $? = 0
configure:19396: result: yes
configure:19396: checking for regcomp
configure:19396: icc -o conftest -mmic  -mmic conftest.c -lm  >&5
configure:19396: $? = 0
configure:19396: result: yes
configure:19396: checking for setlocale
configure:19396: icc -o conftest -mmic  -mmic conftest.c -lm  >&5
configure:19396: $? = 0
configure:19396: result: yes
configure:19396: checking for strchr
configure:19396: icc -o conftest -mmic  -mmic conftest.c -lm  >&5
configure:19396: $? = 0
configure:19396: result: yes
configure:19396: checking for strtol
configure:19396: icc -o conftest -mmic  -mmic conftest.c -lm  >&5
configure:19396: $? = 0
configure:19396: result: yes
configure:19547: creating ./config.status

## ---------------------- ##
## Running config.status. ##
## ---------------------- ##

This file was extended by the fast lexical analyser generator config.status 2.5.39, which was
generated by GNU Autoconf 2.69.  Invocation command line was

  CONFIG_FILES    = 
  CONFIG_HEADERS  = 
  CONFIG_LINKS    = 
  CONFIG_COMMANDS = 
  $ ./config.status 

on ipccnode0103

config.status:1273: creating Makefile
config.status:1273: creating doc/Makefile
config.status:1273: creating examples/Makefile
config.status:1273: creating examples/fastwc/Makefile
config.status:1273: creating examples/manual/Makefile
config.status:1273: creating lib/Makefile
config.status:1273: creating po/Makefile.in
config.status:1273: creating tests/Makefile
config.status:1273: creating tests/TEMPLATE/Makefile
config.status:1273: creating tests/test-array-nr/Makefile
config.status:1273: creating tests/test-array-r/Makefile
config.status:1273: creating tests/test-basic-nr/Makefile
config.status:1273: creating tests/test-basic-r/Makefile
config.status:1273: creating tests/test-bison-yylloc/Makefile
config.status:1273: creating tests/test-bison-yylval/Makefile
config.status:1273: creating tests/test-c-cpp-nr/Makefile
config.status:1273: creating tests/test-c-cpp-r/Makefile
config.status:1273: creating tests/test-header-nr/Makefile
config.status:1273: creating tests/test-header-r/Makefile
config.status:1273: creating tests/test-include-by-buffer/Makefile
config.status:1273: creating tests/test-include-by-push/Makefile
config.status:1273: creating tests/test-include-by-reentrant/Makefile
config.status:1273: creating tests/test-multiple-scanners-nr/Makefile
config.status:1273: creating tests/test-multiple-scanners-r/Makefile
config.status:1273: creating tests/test-noansi-nr/Makefile
config.status:1273: creating tests/test-noansi-r/Makefile
config.status:1273: creating tests/test-prefix-nr/Makefile
config.status:1273: creating tests/test-prefix-r/Makefile
config.status:1273: creating tests/test-pthread/Makefile
config.status:1273: creating tests/test-string-nr/Makefile
config.status:1273: creating tests/test-string-r/Makefile
config.status:1273: creating tests/test-yyextra/Makefile
config.status:1273: creating tests/test-alloc-extra/Makefile
config.status:1273: creating tests/test-lineno-nr/Makefile
config.status:1273: creating tests/test-lineno-trailing/Makefile
config.status:1273: creating tests/test-lineno-r/Makefile
config.status:1273: creating tests/test-linedir-r/Makefile
config.status:1273: creating tests/test-debug-r/Makefile
config.status:1273: creating tests/test-debug-nr/Makefile
config.status:1273: creating tests/test-mem-nr/Makefile
config.status:1273: creating tests/test-mem-r/Makefile
config.status:1273: creating tests/test-posix/Makefile
config.status:1273: creating tests/test-posixly-correct/Makefile
config.status:1273: creating tests/test-table-opts/Makefile
config.status:1273: creating tests/test-c++-basic/Makefile
config.status:1273: creating tests/test-bison-nr/Makefile
config.status:1273: creating tests/test-reject/Makefile
config.status:1273: creating tests/test-c++-multiple-scanners/Makefile
config.status:1273: creating tests/test-top/Makefile
config.status:1273: creating tests/test-rescan-nr/Makefile
config.status:1273: creating tests/test-rescan-r/Makefile
config.status:1273: creating tests/test-quotes/Makefile
config.status:1273: creating tests/test-ccl/Makefile
config.status:1273: creating tests/test-extended/Makefile
config.status:1273: creating tests/test-c++-yywrap/Makefile
config.status:1273: creating tests/test-concatenated-options/Makefile
config.status:1273: creating config.h
config.status:1502: executing po-directories commands
config.status:1502: executing depfiles commands
config.status:1502: executing libtool commands

## ---------------- ##
## Cache variables. ##
## ---------------- ##

ac_cv_build=x86_64-unknown-linux-gnu
ac_cv_c_compiler_gnu=yes
ac_cv_c_const=yes
ac_cv_cxx_compiler_gnu=yes
ac_cv_env_CCC_set=
ac_cv_env_CCC_value=
ac_cv_env_CC_set=set
ac_cv_env_CC_value=icc
ac_cv_env_CFLAGS_set=set
ac_cv_env_CFLAGS_value=-mmic
ac_cv_env_CPPFLAGS_set=
ac_cv_env_CPPFLAGS_value=
ac_cv_env_CPP_set=
ac_cv_env_CPP_value=
ac_cv_env_CXXCPP_set=
ac_cv_env_CXXCPP_value=
ac_cv_env_CXXFLAGS_set=set
ac_cv_env_CXXFLAGS_value=-mmic
ac_cv_env_CXX_set=set
ac_cv_env_CXX_value=icpc
ac_cv_env_LDFLAGS_set=set
ac_cv_env_LDFLAGS_value=-mmic
ac_cv_env_LIBS_set=
ac_cv_env_LIBS_value=
ac_cv_env_YACC_set=
ac_cv_env_YACC_value=
ac_cv_env_YFLAGS_set=
ac_cv_env_YFLAGS_value=
ac_cv_env_build_alias_set=set
ac_cv_env_build_alias_value=x86_64-unknown-linux-gnu
ac_cv_env_host_alias_set=set
ac_cv_env_host_alias_value=x86_64-k1om-linux
ac_cv_env_target_alias_set=
ac_cv_env_target_alias_value=
ac_cv_func_alloca_works=yes
ac_cv_func_dup2=yes
ac_cv_func_fork=yes
ac_cv_func_fork_works=yes
ac_cv_func_isascii=yes
ac_cv_func_malloc_0_nonnull=no
ac_cv_func_memset=yes
ac_cv_func_pow=yes
ac_cv_func_realloc_0_nonnull=no
ac_cv_func_regcomp=yes
ac_cv_func_setlocale=yes
ac_cv_func_strchr=yes
ac_cv_func_strtol=yes
ac_cv_func_vfork=yes
ac_cv_func_vfork_works=yes
ac_cv_header_dlfcn_h=yes
ac_cv_header_inttypes_h=yes
ac_cv_header_libintl_h=yes
ac_cv_header_limits_h=yes
ac_cv_header_locale_h=yes
ac_cv_header_malloc_h=yes
ac_cv_header_memory_h=yes
ac_cv_header_netinet_in_h=yes
ac_cv_header_pthread_h=yes
ac_cv_header_regex_h=yes
ac_cv_header_stdbool_h=yes
ac_cv_header_stdc=yes
ac_cv_header_stddef_h=yes
ac_cv_header_stdint_h=yes
ac_cv_header_stdlib_h=yes
ac_cv_header_string_h=yes
ac_cv_header_strings_h=yes
ac_cv_header_sys_stat_h=yes
ac_cv_header_sys_types_h=yes
ac_cv_header_sys_wait_h=yes
ac_cv_header_unistd_h=yes
ac_cv_header_vfork_h=no
ac_cv_host=x86_64-k1om-linux-gnu
ac_cv_lib_m_log10=yes
ac_cv_lib_pthread_pthread_mutex_lock=yes
ac_cv_objext=o
ac_cv_path_BISON=bison
ac_cv_path_EGREP='/bin/grep -E'
ac_cv_path_FGREP='/bin/grep -F'
ac_cv_path_GMSGFMT=/usr/bin/msgfmt
ac_cv_path_GREP=/bin/grep
ac_cv_path_HELP2MAN=help2man
ac_cv_path_INDENT=indent
ac_cv_path_M4=/usr/bin/m4
ac_cv_path_MSGFMT=/usr/bin/msgfmt
ac_cv_path_MSGMERGE=/usr/bin/msgmerge
ac_cv_path_SED=/bin/sed
ac_cv_path_XGETTEXT=/usr/bin/xgettext
ac_cv_path_install='/usr/bin/install -c'
ac_cv_path_mkdir=/bin/mkdir
ac_cv_prog_AWK=gawk
ac_cv_prog_CC=icc
ac_cv_prog_CPP='icc -E'
ac_cv_prog_CXXCPP='icpc -E'
ac_cv_prog_STRIP=strip
ac_cv_prog_ac_ct_AR=ar
ac_cv_prog_ac_ct_DUMPBIN='link -dump'
ac_cv_prog_ac_ct_OBJDUMP=objdump
ac_cv_prog_ac_ct_RANLIB=ranlib
ac_cv_prog_ac_ct_STRIP=strip
ac_cv_prog_cc_c89=
ac_cv_prog_cc_g=yes
ac_cv_prog_cc_icc_c_o=yes
ac_cv_prog_cxx_g=yes
ac_cv_prog_make_make_set=yes
ac_cv_type__Bool=yes
ac_cv_type_pid_t=yes
ac_cv_type_size_t=yes
ac_cv_working_alloca_h=yes
acl_cv_hardcode_direct=no
acl_cv_hardcode_libdir_flag_spec='${wl}-rpath ${wl}$libdir'
acl_cv_hardcode_libdir_separator=
acl_cv_hardcode_minus_L=no
acl_cv_libext=a
acl_cv_libname_spec='lib$name'
acl_cv_library_names_spec='$libname$shrext'
acl_cv_path_LD=/usr/bin/ld
acl_cv_prog_gnu_ld=yes
acl_cv_rpath=done
acl_cv_shlibext=so
acl_cv_wl=-Wl,
am_cv_CC_dependencies_compiler_type=gcc3
am_cv_CXX_dependencies_compiler_type=gcc3
gt_cv_func_CFLocaleCopyCurrent=no
gt_cv_func_CFPreferencesCopyAppValue=no
gt_cv_func_gnugettext1_libc=yes
lt_cv_ar_at_file=@
lt_cv_archive_cmds_need_lc=no
lt_cv_deplibs_check_method=pass_all
lt_cv_file_magic_cmd='$MAGIC_CMD'
lt_cv_file_magic_test_file=
lt_cv_ld_reload_flag=-r
lt_cv_nm_interface='BSD nm'
lt_cv_objdir=.libs
lt_cv_path_LD=/usr/bin/ld
lt_cv_path_LDCXX='/usr/bin/ld -m elf_x86_64'
lt_cv_path_NM=no
lt_cv_path_mainfest_tool=no
lt_cv_prog_compiler_c_o=yes
lt_cv_prog_compiler_c_o_CXX=yes
lt_cv_prog_compiler_pic='-fPIC -DPIC'
lt_cv_prog_compiler_pic_CXX='-fPIC -DPIC'
lt_cv_prog_compiler_pic_works=yes
lt_cv_prog_compiler_pic_works_CXX=yes
lt_cv_prog_compiler_rtti_exceptions=yes
lt_cv_prog_compiler_static_works=yes
lt_cv_prog_compiler_static_works_CXX=yes
lt_cv_prog_gnu_ld=yes
lt_cv_prog_gnu_ldcxx=yes
lt_cv_sharedlib_from_linklib_cmd='printf %s\n'
lt_cv_shlibpath_overrides_runpath=no
lt_cv_sys_global_symbol_pipe='sed -n -e '\''s/^.*[	 ]\([ABCDGIRSTW][ABCDGIRSTW]*\)[	 ][	 ]*\([_A-Za-z][_A-Za-z0-9]*\)$/\1 \2 \2/p'\'' | sed '\''/ __gnu_lto/d'\'''
lt_cv_sys_global_symbol_to_c_name_address='sed -n -e '\''s/^: \([^ ]*\)[ ]*$/  {\"\1\", (void *) 0},/p'\'' -e '\''s/^[ABCDGIRSTW]* \([^ ]*\) \([^ ]*\)$/  {"\2", (void *) \&\2},/p'\'''
lt_cv_sys_global_symbol_to_c_name_address_lib_prefix='sed -n -e '\''s/^: \([^ ]*\)[ ]*$/  {\"\1\", (void *) 0},/p'\'' -e '\''s/^[ABCDGIRSTW]* \([^ ]*\) \(lib[^ ]*\)$/  {"\2", (void *) \&\2},/p'\'' -e '\''s/^[ABCDGIRSTW]* \([^ ]*\) \([^ ]*\)$/  {"lib\2", (void *) \&\2},/p'\'''
lt_cv_sys_global_symbol_to_cdecl='sed -n -e '\''s/^T .* \(.*\)$/extern int \1();/p'\'' -e '\''s/^[ABCDGIRSTW]* .* \(.*\)$/extern char \1;/p'\'''
lt_cv_sys_max_cmd_len=1966080
lt_cv_to_host_file_cmd=func_convert_file_noop
lt_cv_to_tool_file_cmd=func_convert_file_noop

## ----------------- ##
## Output variables. ##
## ----------------- ##

ACLOCAL='${SHELL} /projects/deva3654/SPRING-JANUS-2015/Openfoam-Xeon-host/flex-mic/flex-2.5.39/missing --run aclocal-1.11'
ALLOCA=''
AMDEPBACKSLASH='\'
AMDEP_FALSE='#'
AMDEP_TRUE=''
AMTAR='$${TAR-tar}'
AR='ar'
AUTOCONF='${SHELL} /projects/deva3654/SPRING-JANUS-2015/Openfoam-Xeon-host/flex-mic/flex-2.5.39/missing --run autoconf'
AUTOHEADER='${SHELL} /projects/deva3654/SPRING-JANUS-2015/Openfoam-Xeon-host/flex-mic/flex-2.5.39/missing --run autoheader'
AUTOMAKE='${SHELL} /projects/deva3654/SPRING-JANUS-2015/Openfoam-Xeon-host/flex-mic/flex-2.5.39/missing --run automake-1.11'
AWK='gawk'
BISON='bison'
CC='icc'
CCDEPMODE='depmode=gcc3'
CFLAGS='-mmic'
CPP='icc -E'
CPPFLAGS=''
CXX='icpc'
CXXCPP='icpc -E'
CXXDEPMODE='depmode=gcc3'
CXXFLAGS='-mmic'
CYGPATH_W='echo'
DEFS='-DHAVE_CONFIG_H'
DEPDIR='.deps'
DLLTOOL='false'
DSYMUTIL=''
DUMPBIN=':'
ECHO_C=''
ECHO_N='-n'
ECHO_T=''
EGREP='/bin/grep -E'
EXEEXT=''
FGREP='/bin/grep -F'
GETTEXT_MACRO_VERSION='0.18'
GMSGFMT='/usr/bin/msgfmt'
GMSGFMT_015='/usr/bin/msgfmt'
GREP='/bin/grep'
HELP2MAN='help2man'
INDENT='indent'
INSTALL_DATA='${INSTALL} -m 644'
INSTALL_PROGRAM='${INSTALL}'
INSTALL_SCRIPT='${INSTALL}'
INSTALL_STRIP_PROGRAM='$(install_sh) -c -s'
INTLLIBS=''
INTL_MACOSX_LIBS=''
LD='/usr/bin/ld -m elf_x86_64'
LDFLAGS='-mmic'
LEX='${SHELL} /projects/deva3654/SPRING-JANUS-2015/Openfoam-Xeon-host/flex-mic/flex-2.5.39/missing --run flex'
LEXLIB=''
LEX_OUTPUT_ROOT=''
LIBICONV='-liconv'
LIBINTL=''
LIBOBJS=' ${LIBOBJDIR}malloc$U.o ${LIBOBJDIR}realloc$U.o'
LIBS='-lm '
LIBTOOL='$(SHELL) $(top_builddir)/libtool'
LIPO=''
LN_S='ln -s'
LTLIBICONV='-liconv'
LTLIBINTL=''
LTLIBOBJS=' ${LIBOBJDIR}malloc$U.lo ${LIBOBJDIR}realloc$U.lo'
M4='/usr/bin/m4'
MAKEINFO='${SHELL} /projects/deva3654/SPRING-JANUS-2015/Openfoam-Xeon-host/flex-mic/flex-2.5.39/missing --run makeinfo'
MANIFEST_TOOL=':'
MKDIR_P='/bin/mkdir -p'
MSGFMT='/usr/bin/msgfmt'
MSGFMT_015='/usr/bin/msgfmt'
MSGMERGE='/usr/bin/msgmerge'
NM='nm'
NMEDIT=''
OBJDUMP='objdump'
OBJEXT='o'
OTOOL64=''
OTOOL=''
PACKAGE='flex'
PACKAGE_BUGREPORT='flex-help@lists.sourceforge.net'
PACKAGE_NAME='the fast lexical analyser generator'
PACKAGE_STRING='the fast lexical analyser generator 2.5.39'
PACKAGE_TARNAME='flex'
PACKAGE_URL=''
PACKAGE_VERSION='2.5.39'
PATH_SEPARATOR=':'
POSUB='po'
RANLIB='ranlib'
SED='/bin/sed'
SET_MAKE=''
SHARED_VERSION_INFO='2:0:0'
SHELL='/bin/sh'
STRIP='strip'
USE_NLS='yes'
VERSION='2.5.39'
XGETTEXT='/usr/bin/xgettext'
XGETTEXT_015='/usr/bin/xgettext'
XGETTEXT_EXTRA_OPTIONS=''
YACC='yacc'
YFLAGS=''
ac_ct_AR='ar'
ac_ct_CC=''
ac_ct_CXX=''
ac_ct_DUMPBIN='link -dump'
am__EXEEXT_FALSE=''
am__EXEEXT_TRUE='#'
am__fastdepCC_FALSE='#'
am__fastdepCC_TRUE=''
am__fastdepCXX_FALSE='#'
am__fastdepCXX_TRUE=''
am__include='include'
am__isrc=''
am__leading_dot='.'
am__nodep='_no'
am__quote=''
am__tar='$${TAR-tar} chof - "$$tardir"'
am__untar='$${TAR-tar} xf -'
bindir='${exec_prefix}/bin'
build='x86_64-unknown-linux-gnu'
build_alias='x86_64-unknown-linux-gnu'
build_cpu='x86_64'
build_os='linux-gnu'
build_vendor='unknown'
datadir='${datarootdir}'
datarootdir='${prefix}/share'
docdir='${datarootdir}/doc/${PACKAGE_TARNAME}'
dvidir='${docdir}'
exec_prefix='${prefix}'
host='x86_64-k1om-linux-gnu'
host_alias='x86_64-k1om-linux'
host_cpu='x86_64'
host_os='linux-gnu'
host_vendor='k1om'
htmldir='${docdir}'
includedir='${prefix}/include'
infodir='${datarootdir}/info'
install_sh='${SHELL} /projects/deva3654/SPRING-JANUS-2015/Openfoam-Xeon-host/flex-mic/flex-2.5.39/install-sh'
libdir='${exec_prefix}/lib'
libexecdir='${exec_prefix}/libexec'
localedir='${datarootdir}/locale'
localstatedir='${prefix}/var'
mandir='${datarootdir}/man'
mkdir_p='/bin/mkdir -p'
oldincludedir='/usr/include'
pdfdir='${docdir}'
prefix='/projects/deva3654/SPRING-JANUS-2015/Openfoam-Xeon-host/flex-mic'
program_transform_name='s,x,x,'
psdir='${docdir}'
sbindir='${exec_prefix}/sbin'
sharedstatedir='${prefix}/com'
sysconfdir='${prefix}/etc'
target_alias=''

## ----------- ##
## confdefs.h. ##
## ----------- ##

/* confdefs.h */
#define PACKAGE_NAME "the fast lexical analyser generator"
#define PACKAGE_TARNAME "flex"
#define PACKAGE_VERSION "2.5.39"
#define PACKAGE_STRING "the fast lexical analyser generator 2.5.39"
#define PACKAGE_BUGREPORT "flex-help@lists.sourceforge.net"
#define PACKAGE_URL ""
#define PACKAGE "flex"
#define VERSION "2.5.39"
#define ENABLE_NLS 1
#define HAVE_GETTEXT 1
#define HAVE_DCGETTEXT 1
#define STDC_HEADERS 1
#define HAVE_SYS_TYPES_H 1
#define HAVE_SYS_STAT_H 1
#define HAVE_STDLIB_H 1
#define HAVE_STRING_H 1
#define HAVE_MEMORY_H 1
#define HAVE_STRINGS_H 1
#define HAVE_INTTYPES_H 1
#define HAVE_STDINT_H 1
#define HAVE_UNISTD_H 1
#define HAVE_DLFCN_H 1
#define LT_OBJDIR ".libs/"
#define M4 "/usr/bin/m4"
#define STDC_HEADERS 1
#define HAVE_SYS_WAIT_H 1
#define HAVE_INTTYPES_H 1
#define HAVE_LIBINTL_H 1
#define HAVE_LIMITS_H 1
#define HAVE_LOCALE_H 1
#define HAVE_MALLOC_H 1
#define HAVE_NETINET_IN_H 1
#define HAVE_REGEX_H 1
#define HAVE_STDDEF_H 1
#define HAVE_STDLIB_H 1
#define HAVE_STRING_H 1
#define HAVE_STRINGS_H 1
#define HAVE_UNISTD_H 1
#define HAVE_LIBPTHREAD 1
#define HAVE_PTHREAD_H 1
#define HAVE_LIBM 1
#define HAVE__BOOL 1
#define HAVE_STDBOOL_H 1
#define HAVE_ALLOCA_H 1
#define HAVE_ALLOCA 1
#define HAVE_FORK 1
#define HAVE_VFORK 1
#define HAVE_WORKING_VFORK 1
#define HAVE_WORKING_FORK 1
#define HAVE_STDLIB_H 1
#define HAVE_MALLOC 0
#define malloc rpl_malloc
#define HAVE_STDLIB_H 1
#define HAVE_REALLOC 0
#define realloc rpl_realloc
#define HAVE_DUP2 1
#define HAVE_ISASCII 1
#define HAVE_MEMSET 1
#define HAVE_POW 1
#define HAVE_REGCOMP 1
#define HAVE_SETLOCALE 1
#define HAVE_STRCHR 1
#define HAVE_STRTOL 1

configure: exit 0

## ---------------------- ##
## Running config.status. ##
## ---------------------- ##

This file was extended by the fast lexical analyser generator config.status 2.5.39, which was
generated by GNU Autoconf 2.69.  Invocation command line was

  CONFIG_FILES    = 
  CONFIG_HEADERS  = 
  CONFIG_LINKS    = 
  CONFIG_COMMANDS = 
  $ ./config.status config.h

on ipccnode0103

config.status:1273: creating config.h
