--------------------
./configure --prefix=/projects/deva3654/SPRING-JANUS-2015/Openfoam-Xeon-host/zlib-mic
Tue Mar 10 09:56:49 MDT 2015
=== ztest70540.c ===
extern int getchar();
int hello() {return getchar();}
===
icc -c ztest70540.c
... using gcc

Checking for obsessive-compulsive compiler options...
=== ztest70540.c ===
int foo() { return 0; }
===
icc -c -mmic ztest70540.c

Checking for shared library support...
=== ztest70540.c ===
extern int getchar();
int hello() {return getchar();}
===
icc -w -c -mmic -fPIC ztest70540.c
icc -shared -Wl,-soname,libz.so.1,--version-script,zlib.map -mmic -fPIC -o ztest70540.so ztest70540.o
ipo: warning #11010: file format not recognized for /lib64/libc.so.6
ipo: warning #11010: file format not recognized for /lib64/libc.so.6
Building shared library libz.so.1.2.8 with icc.

=== ztest70540.c ===
#include <sys/types.h>
off64_t dummy = 0;
===
icc -c -mmic -D_LARGEFILE64_SOURCE=1 ztest70540.c
Checking for off64_t... Yes.
Checking for fseeko... Yes.

=== ztest70540.c ===
#include <string.h>
#include <errno.h>
int main() { return strlen(strerror(errno)); }
===
icc -mmic -D_LARGEFILE64_SOURCE=1 -o ztest70540 ztest70540.c
Checking for strerror... Yes.

=== ztest70540.c ===
#include <unistd.h>
int main() { return 0; }
===
icc -c -mmic -D_LARGEFILE64_SOURCE=1 ztest70540.c
Checking for unistd.h... Yes.

=== ztest70540.c ===
#include <stdarg.h>
int main() { return 0; }
===
icc -c -mmic -D_LARGEFILE64_SOURCE=1 ztest70540.c
Checking for stdarg.h... Yes.

=== ztest70540.c ===
#include <stdio.h>
#include <stdarg.h>
#include "zconf.h"
int main()
{
#ifndef STDC
  choke me
#endif
  return 0;
}
===
icc -c -mmic -D_LARGEFILE64_SOURCE=1 ztest70540.c
Checking whether to use vs[n]printf() or s[n]printf()... using vs[n]printf().

=== ztest70540.c ===
#include <stdio.h>
#include <stdarg.h>
int mytest(const char *fmt, ...)
{
  char buf[20];
  va_list ap;
  va_start(ap, fmt);
  vsnprintf(buf, sizeof(buf), fmt, ap);
  va_end(ap);
  return 0;
}
int main()
{
  return (mytest("Hello%d\n", 1));
}
===
icc -mmic -D_LARGEFILE64_SOURCE=1 -o ztest70540 ztest70540.c
Checking for vsnprintf() in stdio.h... Yes.

=== ztest70540.c ===
#include <stdio.h>
#include <stdarg.h>
int mytest(const char *fmt, ...)
{
  int n;
  char buf[20];
  va_list ap;
  va_start(ap, fmt);
  n = vsnprintf(buf, sizeof(buf), fmt, ap);
  va_end(ap);
  return n;
}
int main()
{
  return (mytest("Hello%d\n", 1));
}
===
icc -c -mmic -D_LARGEFILE64_SOURCE=1 ztest70540.c
Checking for return value of vsnprintf()... Yes.

=== ztest70540.c ===
#define ZLIB_INTERNAL __attribute__((visibility ("hidden")))
int ZLIB_INTERNAL foo;
int main()
{
  return 0;
}
===
icc -c -mmic -D_LARGEFILE64_SOURCE=1 ztest70540.c
Checking for attribute(visibility) support... Yes.

ALL = static shared all64
AR = ar
ARFLAGS = rc
CC = icc
CFLAGS = -mmic -D_LARGEFILE64_SOURCE=1 -DHAVE_HIDDEN
CPP = icc -E
EXE =
LDCONFIG = ldconfig
LDFLAGS = -mmic
LDSHARED = icc -shared -Wl,-soname,libz.so.1,--version-script,zlib.map
LDSHAREDLIBC = -lc
OBJC = $(OBJZ) $(OBJG)
PIC_OBJC = $(PIC_OBJZ) $(PIC_OBJG)
RANLIB = ranlib
SFLAGS = -mmic -fPIC -D_LARGEFILE64_SOURCE=1 -DHAVE_HIDDEN
SHAREDLIB = libz.so
SHAREDLIBM = libz.so.1
SHAREDLIBV = libz.so.1.2.8
STATICLIB = libz.a
TEST = all teststatic testshared test64
VER = 1.2.8
Z_U4 =
exec_prefix = ${prefix}
includedir = ${prefix}/include
libdir = ${exec_prefix}/lib
mandir = ${prefix}/share/man
prefix = /projects/deva3654/SPRING-JANUS-2015/Openfoam-Xeon-host/zlib-mic
sharedlibdir = ${libdir}
uname = Linux
--------------------


